2019-03-21 13:38:24.1535 [DEBUG] Connection attempt timed out. (92732:SceneFusion:SceneFusion)
2019-03-21 13:38:24.1575 [WARNING] Connection failed: TIMEOUT, retrying...
2019-03-21 13:38:26.1565 [DEBUG] Connecting to room (92732:SceneFusion:SceneFusion) via TCP at roommanager-ec2-35-164-71-216.kinematicsoup.com:443
2019-03-21 13:38:26.3214 [DEBUG] Validating model...
2019-03-21 13:38:26.4853 [DEBUG] Model updated
2019-03-21 13:38:26.4853 [DEBUG] Authenticating with server...
2019-03-21 13:38:26.9630 [DEBUG] Connected to room. (92732:SceneFusion:SceneFusion)
2019-03-21 13:38:26.9650 [INFO] Connected to server.
2019-03-21 13:38:26.9650 [DEBUG] OS : Microsoft Windows NT 10.0.17134.0
2019-03-21 13:38:26.9650 [DEBUG] Unity Version : 2018.1.4f1
2019-03-21 13:38:26.9650 [DEBUG] Pro License : False
2019-03-21 13:38:26.9650 [DEBUG] Platform : WindowsEditor
2019-03-21 13:38:26.9650 [DEBUG] Build Target : StandaloneWindows64
2019-03-21 13:38:26.9650 [DEBUG] Scene Fusion version : 1.8.2
2019-03-21 13:38:26.9650 [DEBUG] Scene Fusion client build : 1
2019-03-21 13:38:26.9662 [DEBUG] User : kadin.bond@gmail.com
2019-03-21 13:38:26.9662 [DEBUG] Waiting for server response
2019-03-21 13:38:27.0792 [DEBUG] Tier: Scene Fusion Free, Permissions: 00001400
2019-03-21 13:38:27.0792 [DEBUG] User Permissions: FFFFFFFF
2019-03-21 13:38:27.2661 [DEBUG] No stand-in for UnityEngine.ProceduralMaterial
2019-03-21 13:38:27.2661 [DEBUG] No stand-in for UnityEngine.ProceduralTexture
2019-03-21 13:38:27.5367 [DEBUG] Uploading scene 'GreyBoxingTerrain_v022'
2019-03-21 13:38:27.7660 [DEBUG] Encoding objects for Scenes/GreyBoxingTerrain_v022.unity
2019-03-21 13:38:28.7370 [WARNING] Cannot sync '' (RenderTexture) because it is not in Unity's asset database.
2019-03-21 13:38:30.1628 [WARNING] Cannot sync '' (RenderTexture) because it is not in Unity's asset database.
2019-03-21 13:38:30.1768 [DEBUG] Compressing scene data
2019-03-21 13:38:33.3651 [DEBUG] Spawn request. (Objects: 1727)
2019-03-21 13:38:33.3721 [DEBUG] Entity RPC. (Id: 1, Size: 33744, Reporting Threshold: 10000)
2019-03-21 13:38:34.5185 [DEBUG] Loading complete
2019-03-21 13:39:13.4068 [DEBUG] Spawn request. (Objects: 1)
2019-03-21 13:39:36.2099 [DEBUG] Spawn request. (Objects: 1)
2019-03-21 13:47:33.5232 [DEBUG] Disconnecting temporarily to recompile.
2019-03-21 13:47:33.5232 [DEBUG] Disconnecting from room (92732:SceneFusion:SceneFusion)
2019-03-21 13:47:33.5402 [INFO] Disconnected from server.
2019-03-21 13:47:33.5402 [DEBUG] Disconnect. (Duration: 546)
2019-03-21 13:47:34.8969 [DEBUG] Connecting
2019-03-21 13:47:34.9019 [DEBUG] Connecting to room (92732:SceneFusion:SceneFusion) via TCP at roommanager-ec2-35-164-71-216.kinematicsoup.com:21312
2019-03-21 13:47:34.9449 [DEBUG] Host connection. (Session: 92732)
2019-03-21 13:47:55.9504 [DEBUG] Connection attempt timed out. (92732:SceneFusion:SceneFusion)
2019-03-21 13:47:55.9574 [WARNING] Connection failed: TIMEOUT, retrying...
2019-03-21 13:47:57.9513 [DEBUG] Connecting to room (92732:SceneFusion:SceneFusion) via TCP at roommanager-ec2-35-164-71-216.kinematicsoup.com:443
2019-03-21 13:47:58.1172 [DEBUG] Validating model...
2019-03-21 13:47:58.2811 [DEBUG] Model updated
2019-03-21 13:47:58.2811 [DEBUG] Authenticating with server...
2019-03-21 13:47:58.5680 [DEBUG] Connected to room. (92732:SceneFusion:SceneFusion)
2019-03-21 13:47:58.5790 [INFO] Connected to server.
2019-03-21 13:47:58.5790 [DEBUG] OS : Microsoft Windows NT 10.0.17134.0
2019-03-21 13:47:58.5790 [DEBUG] Unity Version : 2018.1.4f1
2019-03-21 13:47:58.5790 [DEBUG] Pro License : False
2019-03-21 13:47:58.5790 [DEBUG] Platform : WindowsEditor
2019-03-21 13:47:58.5790 [DEBUG] Build Target : StandaloneWindows64
2019-03-21 13:47:58.5790 [DEBUG] Scene Fusion version : 1.8.2
2019-03-21 13:47:58.5790 [DEBUG] Scene Fusion client build : 1
2019-03-21 13:47:58.5790 [DEBUG] User : kadin.bond@gmail.com
2019-03-21 13:47:58.5790 [DEBUG] Waiting for server response
2019-03-21 13:48:00.5759 [DEBUG] Tier: Scene Fusion Free, Permissions: 00001400
2019-03-21 13:48:00.5769 [DEBUG] User Permissions: FFFFFFFF
2019-03-21 13:48:00.5779 [DEBUG] No stand-in for UnityEngine.ProceduralMaterial
2019-03-21 13:48:00.5779 [DEBUG] No stand-in for UnityEngine.ProceduralTexture
2019-03-21 13:48:02.3441 [DEBUG] Loading complete
2019-03-21 13:48:14.8396 [DEBUG] Spawn request. (Objects: 1)
2019-03-21 13:49:58.8075 [DEBUG] Disconnecting temporarily to recompile.
2019-03-21 13:49:58.8075 [DEBUG] Disconnecting from room (92732:SceneFusion:SceneFusion)
2019-03-21 13:49:58.8225 [INFO] Disconnected from server.
2019-03-21 13:49:58.8225 [DEBUG] Disconnect. (Duration: 691)
2019-03-21 13:50:00.4842 [DEBUG] Connecting
2019-03-21 13:50:00.4932 [DEBUG] Connecting to room (92732:SceneFusion:SceneFusion) via TCP at roommanager-ec2-35-164-71-216.kinematicsoup.com:21312
2019-03-21 13:50:00.4962 [DEBUG] Host connection. (Session: 92732)
2019-03-21 13:50:21.5017 [DEBUG] Connection attempt timed out. (92732:SceneFusion:SceneFusion)
2019-03-21 13:50:21.5158 [WARNING] Connection failed: TIMEOUT, retrying...
2019-03-21 13:50:23.5011 [DEBUG] Connecting to room (92732:SceneFusion:SceneFusion) via TCP at roommanager-ec2-35-164-71-216.kinematicsoup.com:443
2019-03-21 13:50:23.6658 [DEBUG] Validating model...
2019-03-21 13:50:23.8295 [DEBUG] Model updated
2019-03-21 13:50:23.8295 [DEBUG] Authenticating with server...
2019-03-21 13:50:24.1060 [DEBUG] Connected to room. (92732:SceneFusion:SceneFusion)
2019-03-21 13:50:24.1170 [INFO] Connected to server.
2019-03-21 13:50:24.1170 [DEBUG] OS : Microsoft Windows NT 10.0.17134.0
2019-03-21 13:50:24.1170 [DEBUG] Unity Version : 2018.1.4f1
2019-03-21 13:50:24.1170 [DEBUG] Pro License : False
2019-03-21 13:50:24.1170 [DEBUG] Platform : WindowsEditor
2019-03-21 13:50:24.1170 [DEBUG] Build Target : StandaloneWindows64
2019-03-21 13:50:24.1170 [DEBUG] Scene Fusion version : 1.8.2
2019-03-21 13:50:24.1170 [DEBUG] Scene Fusion client build : 1
2019-03-21 13:50:24.1170 [DEBUG] User : kadin.bond@gmail.com
2019-03-21 13:50:24.1170 [DEBUG] Waiting for server response
2019-03-21 13:50:26.1446 [DEBUG] Tier: Scene Fusion Free, Permissions: 00001400
2019-03-21 13:50:26.1446 [DEBUG] User Permissions: FFFFFFFF
2019-03-21 13:50:26.1466 [DEBUG] No stand-in for UnityEngine.ProceduralMaterial
2019-03-21 13:50:26.1466 [DEBUG] No stand-in for UnityEngine.ProceduralTexture
2019-03-21 13:50:27.7807 [DEBUG] Loading complete
2019-03-21 13:53:30.1244 [DEBUG] Disconnecting from room (92732:SceneFusion:SceneFusion)
2019-03-21 13:53:30.1264 [INFO] Disconnected from server.
2019-03-21 13:53:30.1264 [DEBUG] Disconnect. (Duration: 903)
