2019-03-18 12:32:59.6177 [DEBUG] Connection attempt timed out. (92580:SceneFusion:SceneFusion)
2019-03-18 12:32:59.6287 [WARNING] Connection failed: TIMEOUT, retrying...
2019-03-18 12:33:01.6226 [DEBUG] Connecting to room (92580:SceneFusion:SceneFusion) via TCP at roommanager-ec2-35-164-71-216.kinematicsoup.com:443
2019-03-18 12:33:01.7895 [DEBUG] Validating model...
2019-03-18 12:33:01.9594 [DEBUG] Model updated
2019-03-18 12:33:01.9594 [DEBUG] Authenticating with server...
2019-03-18 12:33:02.4781 [DEBUG] Connected to room. (92580:SceneFusion:SceneFusion)
2019-03-18 12:33:02.4961 [INFO] Connected to server.
2019-03-18 12:33:02.4961 [DEBUG] OS : Microsoft Windows NT 10.0.17134.0
2019-03-18 12:33:02.4971 [DEBUG] Unity Version : 2018.1.4f1
2019-03-18 12:33:02.4971 [DEBUG] Pro License : False
2019-03-18 12:33:02.4971 [DEBUG] Platform : WindowsEditor
2019-03-18 12:33:02.4971 [DEBUG] Build Target : StandaloneWindows64
2019-03-18 12:33:02.4971 [DEBUG] Scene Fusion version : 1.8.2
2019-03-18 12:33:02.4971 [DEBUG] Scene Fusion client build : 1
2019-03-18 12:33:02.4981 [DEBUG] User : kadin.bond@gmail.com
2019-03-18 12:33:02.4981 [DEBUG] Waiting for server response
2019-03-18 12:33:02.5620 [DEBUG] Tier: Scene Fusion Free, Permissions: 00001400
2019-03-18 12:33:02.5620 [DEBUG] User Permissions: FFFFFFFF
2019-03-18 12:33:02.7634 [DEBUG] No stand-in for UnityEngine.ProceduralMaterial
2019-03-18 12:33:02.7644 [DEBUG] No stand-in for UnityEngine.ProceduralTexture
2019-03-18 12:33:03.0352 [DEBUG] Uploading scene 'GreyBoxingTerrain_v017'
2019-03-18 12:33:03.2321 [DEBUG] Encoding objects for Scenes/GreyBoxingTerrain_v017.unity
2019-03-18 12:33:04.0225 [DEBUG] Compressing scene data
2019-03-18 12:33:05.3348 [DEBUG] Spawn request. (Objects: 1294)
2019-03-18 12:33:05.3408 [DEBUG] Entity RPC. (Id: 1, Size: 28449, Reporting Threshold: 10000)
2019-03-18 12:33:06.4532 [DEBUG] Loading complete
2019-03-18 12:34:14.9986 [DEBUG] Disconnecting temporarily to enter play mode.
2019-03-18 12:34:14.9996 [DEBUG] Disconnecting from room (92580:SceneFusion:SceneFusion)
2019-03-18 12:34:15.0106 [INFO] Disconnected from server.
2019-03-18 12:34:15.0116 [DEBUG] Disconnect. (Duration: 72)
2019-03-18 12:34:15.1446 [INFO] Static batching in play mode is not supported in a Scene Fusion session and will be temporarily disabled.
2019-03-18 12:34:17.8579 [DEBUG] Scene Fusion version 1.8.2-1
2019-03-18 12:34:17.9888 [DEBUG] Play mode: True, sync in play mode: True
2019-03-18 12:34:18.2111 [DEBUG] Connecting
2019-03-18 12:34:18.2323 [DEBUG] Connecting to room (92580:SceneFusion:SceneFusion) via TCP at roommanager-ec2-35-164-71-216.kinematicsoup.com:21312
2019-03-18 12:34:18.2392 [DEBUG] Host connection. (Session: 92580)
2019-03-18 12:34:39.2457 [DEBUG] Connection attempt timed out. (92580:SceneFusion:SceneFusion)
2019-03-18 12:34:39.2617 [WARNING] Connection failed: TIMEOUT, retrying...
2019-03-18 12:34:41.2415 [DEBUG] Connecting to room (92580:SceneFusion:SceneFusion) via TCP at roommanager-ec2-35-164-71-216.kinematicsoup.com:443
2019-03-18 12:34:41.4084 [DEBUG] Validating model...
2019-03-18 12:34:41.5804 [DEBUG] Model updated
2019-03-18 12:34:41.5813 [DEBUG] Authenticating with server...
2019-03-18 12:34:41.8852 [DEBUG] Connected to room. (92580:SceneFusion:SceneFusion)
2019-03-18 12:34:41.9161 [INFO] Connected to server.
2019-03-18 12:34:41.9161 [DEBUG] OS : Microsoft Windows NT 10.0.17134.0
2019-03-18 12:34:41.9161 [DEBUG] Unity Version : 2018.1.4f1
2019-03-18 12:34:41.9161 [DEBUG] Pro License : False
2019-03-18 12:34:41.9161 [DEBUG] Platform : WindowsEditor
2019-03-18 12:34:41.9161 [DEBUG] Build Target : StandaloneWindows64
2019-03-18 12:34:41.9161 [DEBUG] Scene Fusion version : 1.8.2
2019-03-18 12:34:41.9161 [DEBUG] Scene Fusion client build : 1
2019-03-18 12:34:41.9161 [DEBUG] User : kadin.bond@gmail.com
2019-03-18 12:34:41.9161 [DEBUG] Waiting for server response
2019-03-18 12:34:43.2614 [DEBUG] Tier: Scene Fusion Free, Permissions: 00001400
2019-03-18 12:34:43.2614 [DEBUG] User Permissions: FFFFFFFF
2019-03-18 12:34:43.3034 [DEBUG] No stand-in for UnityEngine.ProceduralMaterial
2019-03-18 12:34:43.3034 [DEBUG] No stand-in for UnityEngine.ProceduralTexture
2019-03-18 12:34:43.6262 [DEBUG] Loading
2019-03-18 12:34:44.3191 [DEBUG] Loading complete
2019-03-18 12:42:05.7458 [DEBUG] Play mode: False
2019-03-18 12:42:06.0797 [DEBUG] Loading complete
2019-03-18 12:46:54.7819 [DEBUG] Spawn request. (Objects: 1)
2019-03-18 12:56:42.8450 [DEBUG] Disconnecting temporarily to enter play mode.
2019-03-18 12:56:42.8460 [DEBUG] Disconnecting from room (92580:SceneFusion:SceneFusion)
2019-03-18 12:56:42.8620 [INFO] Disconnected from server.
2019-03-18 12:56:42.8620 [DEBUG] Disconnect. (Duration: 390)
2019-03-18 12:56:43.0639 [INFO] Static batching in play mode is not supported in a Scene Fusion session and will be temporarily disabled.
2019-03-18 12:56:45.8902 [DEBUG] Scene Fusion version 1.8.2-1
2019-03-18 12:56:46.0342 [DEBUG] Play mode: True, sync in play mode: True
2019-03-18 12:56:46.2550 [DEBUG] Connecting
2019-03-18 12:56:46.2760 [DEBUG] Connecting to room (92580:SceneFusion:SceneFusion) via TCP at roommanager-ec2-35-164-71-216.kinematicsoup.com:21312
2019-03-18 12:56:46.4014 [DEBUG] Host connection. (Session: 92580)
2019-03-18 12:57:07.4061 [DEBUG] Connection attempt timed out. (92580:SceneFusion:SceneFusion)
2019-03-18 12:57:07.4121 [WARNING] Connection failed: TIMEOUT, retrying...
2019-03-18 12:57:09.4019 [DEBUG] Connecting to room (92580:SceneFusion:SceneFusion) via TCP at roommanager-ec2-35-164-71-216.kinematicsoup.com:443
2019-03-18 12:57:09.5948 [DEBUG] Validating model...
2019-03-18 12:57:09.7627 [DEBUG] Model updated
2019-03-18 12:57:09.7637 [DEBUG] Authenticating with server...
2019-03-18 12:57:10.0695 [DEBUG] Connected to room. (92580:SceneFusion:SceneFusion)
2019-03-18 12:57:10.0765 [INFO] Connected to server.
2019-03-18 12:57:10.0765 [DEBUG] OS : Microsoft Windows NT 10.0.17134.0
2019-03-18 12:57:10.0765 [DEBUG] Unity Version : 2018.1.4f1
2019-03-18 12:57:10.0765 [DEBUG] Pro License : False
2019-03-18 12:57:10.0775 [DEBUG] Platform : WindowsEditor
2019-03-18 12:57:10.0775 [DEBUG] Build Target : StandaloneWindows64
2019-03-18 12:57:10.0775 [DEBUG] Scene Fusion version : 1.8.2
2019-03-18 12:57:10.0775 [DEBUG] Scene Fusion client build : 1
2019-03-18 12:57:10.0775 [DEBUG] User : kadin.bond@gmail.com
2019-03-18 12:57:10.0775 [DEBUG] Waiting for server response
2019-03-18 12:57:11.5607 [DEBUG] Tier: Scene Fusion Free, Permissions: 00001400
2019-03-18 12:57:11.5607 [DEBUG] User Permissions: FFFFFFFF
2019-03-18 12:57:11.6035 [DEBUG] No stand-in for UnityEngine.ProceduralMaterial
2019-03-18 12:57:11.6035 [DEBUG] No stand-in for UnityEngine.ProceduralTexture
2019-03-18 12:57:11.9623 [DEBUG] Loading
2019-03-18 12:57:12.6569 [DEBUG] Loading complete
2019-03-18 13:01:57.9737 [DEBUG] Play mode: False
2019-03-18 13:01:58.2856 [DEBUG] Loading complete
2019-03-18 13:02:48.6682 [DEBUG] Spawn request. (Objects: 1)
2019-03-18 13:03:14.8906 [DEBUG] Spawn request. (Objects: 9)
2019-03-18 13:03:31.4656 [DEBUG] Spawn request. (Objects: 4)
2019-03-18 13:03:56.7307 [DEBUG] Spawn request. (Objects: 6)
2019-03-18 13:04:02.8059 [DEBUG] Spawn request. (Objects: 3)
2019-03-18 13:04:14.2341 [DEBUG] Spawn request. (Objects: 3)
2019-03-18 13:04:38.1756 [DEBUG] Spawn request. (Objects: 9)
2019-03-18 13:06:27.2628 [DEBUG] Disconnecting from room (92580:SceneFusion:SceneFusion)
2019-03-18 13:06:27.2658 [INFO] Disconnected from server.
2019-03-18 13:06:27.2658 [DEBUG] Disconnect. (Duration: -217)
