2019-03-21 15:09:19.6861 [DEBUG] Connection attempt timed out. (92735:SceneFusion:SceneFusion)
2019-03-21 15:09:19.6921 [WARNING] Connection failed: TIMEOUT, retrying...
2019-03-21 15:09:21.6831 [DEBUG] Connecting to room (92735:SceneFusion:SceneFusion) via TCP at roommanager-ec2-35-164-71-216.kinematicsoup.com:443
2019-03-21 15:09:21.8500 [DEBUG] Validating model...
2019-03-21 15:09:22.0189 [DEBUG] Model updated
2019-03-21 15:09:22.0199 [DEBUG] Authenticating with server...
2019-03-21 15:09:22.5317 [DEBUG] Connected to room. (92735:SceneFusion:SceneFusion)
2019-03-21 15:09:22.5427 [INFO] Connected to server.
2019-03-21 15:09:22.5427 [DEBUG] OS : Microsoft Windows NT 10.0.17134.0
2019-03-21 15:09:22.5437 [DEBUG] Unity Version : 2018.1.4f1
2019-03-21 15:09:22.5437 [DEBUG] Pro License : False
2019-03-21 15:09:22.5437 [DEBUG] Platform : WindowsEditor
2019-03-21 15:09:22.5437 [DEBUG] Build Target : StandaloneWindows64
2019-03-21 15:09:22.5437 [DEBUG] Scene Fusion version : 1.8.2
2019-03-21 15:09:22.5437 [DEBUG] Scene Fusion client build : 1
2019-03-21 15:09:22.5437 [DEBUG] User : kadin.bond@gmail.com
2019-03-21 15:09:22.5437 [DEBUG] Waiting for server response
2019-03-21 15:09:22.6066 [DEBUG] Tier: Scene Fusion Free, Permissions: 00001400
2019-03-21 15:09:22.6066 [DEBUG] User Permissions: FFFFFFFF
2019-03-21 15:09:22.8165 [DEBUG] No stand-in for UnityEngine.ProceduralMaterial
2019-03-21 15:09:22.8165 [DEBUG] No stand-in for UnityEngine.ProceduralTexture
2019-03-21 15:09:23.1494 [DEBUG] Uploading scene 'GreyBoxingTerrain_v023'
2019-03-21 15:09:23.2873 [DEBUG] Encoding objects for Scenes/GreyBoxingTerrain_v023.unity
2019-03-21 15:09:24.5377 [WARNING] Cannot sync '' (RenderTexture) because it is not in Unity's asset database.
2019-03-21 15:09:25.8607 [WARNING] Cannot sync '' (RenderTexture) because it is not in Unity's asset database.
2019-03-21 15:09:25.8647 [DEBUG] Compressing scene data
2019-03-21 15:09:29.5704 [DEBUG] Spawn request. (Objects: 1731)
2019-03-21 15:09:29.5794 [DEBUG] Entity RPC. (Id: 1, Size: 46007, Reporting Threshold: 10000)
2019-03-21 15:09:32.1691 [DEBUG] Loading complete
2019-03-21 15:10:03.7635 [DEBUG] Disconnecting temporarily to enter play mode.
2019-03-21 15:10:03.7635 [DEBUG] Disconnecting from room (92735:SceneFusion:SceneFusion)
2019-03-21 15:10:03.7705 [INFO] Disconnected from server.
2019-03-21 15:10:03.7705 [DEBUG] Disconnect. (Duration: 41)
2019-03-21 15:10:03.9964 [INFO] Static batching in play mode is not supported in a Scene Fusion session and will be temporarily disabled.
2019-03-21 15:10:07.3809 [DEBUG] Scene Fusion version 1.8.2-1
2019-03-21 15:10:07.5339 [DEBUG] Play mode: True, sync in play mode: True
2019-03-21 15:10:07.7794 [DEBUG] Connecting
2019-03-21 15:10:07.8029 [DEBUG] Connecting to room (92735:SceneFusion:SceneFusion) via TCP at roommanager-ec2-35-164-71-216.kinematicsoup.com:21312
2019-03-21 15:10:07.8092 [DEBUG] Host connection. (Session: 92735)
2019-03-21 15:10:28.8146 [DEBUG] Connection attempt timed out. (92735:SceneFusion:SceneFusion)
2019-03-21 15:10:28.8486 [WARNING] Connection failed: TIMEOUT, retrying...
2019-03-21 15:10:30.8226 [DEBUG] Connecting to room (92735:SceneFusion:SceneFusion) via TCP at roommanager-ec2-35-164-71-216.kinematicsoup.com:443
2019-03-21 15:10:30.9885 [DEBUG] Validating model...
2019-03-21 15:10:31.1554 [DEBUG] Model updated
2019-03-21 15:10:31.1564 [DEBUG] Authenticating with server...
2019-03-21 15:10:31.4683 [DEBUG] Connected to room. (92735:SceneFusion:SceneFusion)
2019-03-21 15:10:31.4962 [INFO] Connected to server.
2019-03-21 15:10:31.4962 [DEBUG] OS : Microsoft Windows NT 10.0.17134.0
2019-03-21 15:10:31.4962 [DEBUG] Unity Version : 2018.1.4f1
2019-03-21 15:10:31.4962 [DEBUG] Pro License : False
2019-03-21 15:10:31.4962 [DEBUG] Platform : WindowsEditor
2019-03-21 15:10:31.4962 [DEBUG] Build Target : StandaloneWindows64
2019-03-21 15:10:31.4962 [DEBUG] Scene Fusion version : 1.8.2
2019-03-21 15:10:31.4962 [DEBUG] Scene Fusion client build : 1
2019-03-21 15:10:31.4972 [DEBUG] User : kadin.bond@gmail.com
2019-03-21 15:10:31.4972 [DEBUG] Waiting for server response
2019-03-21 15:10:32.9825 [DEBUG] frame size: 52050
2019-03-21 15:10:33.0005 [DEBUG] Download
2019-03-21 15:10:34.1569 [DEBUG] Tier: Scene Fusion Free, Permissions: 00001400
2019-03-21 15:10:34.1569 [DEBUG] User Permissions: FFFFFFFF
2019-03-21 15:10:34.2129 [DEBUG] No stand-in for UnityEngine.ProceduralMaterial
2019-03-21 15:10:34.2129 [DEBUG] No stand-in for UnityEngine.ProceduralTexture
2019-03-21 15:10:34.4977 [DEBUG] Download finished
2019-03-21 15:10:34.6736 [DEBUG] Loading
2019-03-21 15:10:36.4049 [DEBUG] Loading complete
2019-03-21 15:20:27.0015 [DEBUG] Play mode: False
2019-03-21 15:20:27.7992 [DEBUG] Loading complete
2019-03-21 15:20:27.9981 [DEBUG] Spawn request. (Objects: 10)
2019-03-21 15:22:08.3168 [WARNING] Cannot sync '' (RenderTexture) because it is not in Unity's asset database.
2019-03-21 15:22:08.4038 [WARNING] Cannot sync '' (RenderTexture) because it is not in Unity's asset database.
2019-03-21 15:23:19.8340 [DEBUG] Disconnecting temporarily to recompile.
2019-03-21 15:23:19.8350 [DEBUG] Disconnecting from room (92735:SceneFusion:SceneFusion)
2019-03-21 15:23:19.8380 [INFO] Disconnected from server.
2019-03-21 15:23:19.8390 [DEBUG] Disconnect. (Duration: 124)
